\BOOKMARK [0][-]{section*.2}{\376\377\000S\000e\000l\000f\000-\000S\000u\000p\000e\000r\000v\000i\000s\000e\000d\000\040\000L\000a\000t\000e\000n\000t\000\040\000T\000o\000p\000o\000l\000o\000g\000y\000\040\000E\000x\000t\000r\000a\000c\000t\000i\000o\000n\000\040\000o\000f\000\040\000P\000h\000y\000s\000i\000c\000a\000l\000\040\000F\000i\000e\000l\000d\000s\000\040\000w\000i\000t\000h\000\040\000M\000u\000l\000t\000i\000s\000c\000a\000l\000e\000-\000J\000E\000P\000A}{}% 2
\BOOKMARK [1][-]{section*.1}{\376\377\000A\000b\000s\000t\000r\000a\000c\000t}{section*.2}% 1
\BOOKMARK [1][-]{section*.3}{\376\377\000I\000n\000t\000r\000o\000d\000u\000c\000t\000i\000o\000n}{section*.2}% 3
\BOOKMARK [1][-]{section*.4}{\376\377\000M\000e\000t\000h\000o\000d\000:\000\040\000T\000h\000e\000\040\000M\000u\000l\000t\000i\000s\000c\000a\000l\000e\000-\000J\000E\000P\000A\000\040\000F\000r\000a\000m\000e\000w\000o\000r\000k}{section*.2}% 4
\BOOKMARK [2][-]{section*.5}{\376\377\000O\000v\000e\000r\000v\000i\000e\000w}{section*.4}% 5
\BOOKMARK [2][-]{section*.6}{\376\377\000C\000D\000D\000\040\000M\000u\000l\000t\000i\000s\000c\000a\000l\000e\000\040\000C\000o\000o\000r\000d\000i\000n\000a\000t\000e\000s}{section*.4}% 6
\BOOKMARK [2][-]{section*.7}{\376\377\000S\000c\000a\000l\000e\000-\000A\000w\000a\000r\000e\000\040\000C\000o\000n\000v\000N\000e\000X\000t\000\040\000E\000n\000c\000o\000d\000e\000r}{section*.4}% 7
\BOOKMARK [2][-]{section*.8}{\376\377\000M\000u\000l\000t\000i\000s\000c\000a\000l\000e\000\040\000M\000a\000s\000k\000i\000n\000g}{section*.4}% 8
\BOOKMARK [2][-]{section*.9}{\376\377\000T\000r\000a\000i\000n\000i\000n\000g\000\040\000O\000b\000j\000e\000c\000t\000i\000v\000e\000\040\000a\000n\000d\000\040\000L\000a\000t\000e\000n\000t\000-\000S\000p\000a\000c\000e\000\040\000A\000n\000a\000l\000y\000s\000i\000s}{section*.4}% 9
\BOOKMARK [1][-]{section*.10}{\376\377\000M\000u\000l\000t\000i\000s\000c\000a\000l\000e\000-\000J\000E\000P\000A\000\040\000o\000n\000\040\000M\000H\000D\000\040\000T\000u\000r\000b\000u\000l\000e\000n\000c\000e}{section*.2}% 10
\BOOKMARK [1][-]{section*.11}{\376\377\000C\000r\000o\000s\000s\000-\000d\000o\000m\000a\000i\000n\000\040\000A\000p\000p\000l\000i\000c\000a\000t\000i\000o\000n\000\040\000E\000x\000a\000m\000p\000l\000e\000s}{section*.2}% 11
\BOOKMARK [1][-]{section*.14}{\376\377\000C\000o\000n\000c\000l\000u\000s\000i\000o\000n}{section*.2}% 12
\BOOKMARK [1][-]{section*.15}{\376\377\000C\000D\000D\000:\000\040\000N\000u\000m\000e\000r\000i\000c\000a\000l\000\040\000I\000m\000p\000l\000e\000m\000e\000n\000t\000a\000t\000i\000o\000n}{section*.2}% 13
\BOOKMARK [2][-]{section*.16}{\376\377\000S\000c\000a\000l\000e\000\040\000E\000x\000t\000r\000a\000c\000t\000i\000o\000n\000\040\000a\000n\000d\000\040\000N\000o\000r\000m\000a\000l\000i\000z\000a\000t\000i\000o\000n}{section*.15}% 14
\BOOKMARK [2][-]{section*.17}{\376\377\000S\000c\000a\000l\000e\000-\000A\000w\000a\000r\000e\000\040\000E\000n\000c\000o\000d\000e\000r\000\040\000I\000m\000p\000l\000e\000m\000e\000n\000t\000a\000t\000i\000o\000n}{section*.15}% 15
\BOOKMARK [2][-]{section*.18}{\376\377\000P\000r\000o\000j\000e\000c\000t\000o\000r\000\040\000a\000n\000d\000\040\000P\000r\000e\000d\000i\000c\000t\000o\000r}{section*.15}% 16
\BOOKMARK [2][-]{section*.19}{\376\377\000M\000i\000x\000e\000d\000\040\000p\000r\000e\000c\000i\000s\000i\000o\000n}{section*.15}% 17
\BOOKMARK [1][-]{section*.20}{\376\377\000T\000r\000a\000i\000n\000i\000n\000g\000\040\000C\000o\000n\000f\000i\000g\000u\000r\000a\000t\000i\000o\000n}{section*.2}% 18
\BOOKMARK [2][-]{section*.21}{\376\377\000D\000a\000t\000a\000\040\000a\000n\000d\000\040\000P\000r\000e\000p\000r\000o\000c\000e\000s\000s\000i\000n\000g}{section*.20}% 19
\BOOKMARK [2][-]{section*.22}{\376\377\000M\000a\000s\000k\000\040\000P\000a\000r\000a\000m\000e\000t\000e\000r\000i\000z\000a\000t\000i\000o\000n\000\040\000a\000n\000d\000\040\000T\000a\000r\000g\000e\000t\000\040\000S\000a\000m\000p\000l\000i\000n\000g}{section*.20}% 20
\BOOKMARK [2][-]{section*.23}{\376\377\000L\000o\000s\000s\000\040\000T\000e\000r\000m\000s}{section*.20}% 21
\BOOKMARK [2][-]{section*.24}{\376\377\000O\000p\000t\000i\000m\000i\000z\000a\000t\000i\000o\000n\000\040\000D\000e\000f\000a\000u\000l\000t\000s}{section*.20}% 22
\BOOKMARK [2][-]{section*.25}{\376\377\000I\000n\000f\000e\000r\000e\000n\000c\000e\000\040\000D\000i\000a\000g\000n\000o\000s\000t\000i\000c\000s}{section*.20}% 23
\BOOKMARK [1][-]{section*.26}{\376\377\000M\000a\000s\000k\000i\000n\000g\000\040\000S\000w\000e\000e\000p\000s\000\040\000a\000n\000d\000\040\000R\000u\000n\000\040\000S\000e\000l\000e\000c\000t\000i\000o\000n}{section*.2}% 24
\BOOKMARK [1][-]{section*.27}{\376\377\000L\000a\000t\000e\000n\000t\000\040\000M\000a\000p\000\040\000V\000i\000s\000u\000a\000l\000i\000z\000a\000t\000i\000o\000n\000\040\000a\000n\000d\000\040\000D\000i\000a\000g\000n\000o\000s\000t\000i\000c\000s}{section*.2}% 25
\BOOKMARK [1][-]{section*.28}{\376\377\000R\000e\000s\000o\000u\000r\000c\000e\000\040\000A\000c\000k\000n\000o\000w\000l\000e\000d\000g\000m\000e\000n\000t}{section*.2}% 26
